e:\envi图像配准\图像处理\cvmfc\cvmfc\release\cvmfc.pch
e:\envi图像配准\图像处理\cvmfc\cvmfc\release\vc141.pdb
e:\envi图像配准\图像处理\cvmfc\cvmfc\release\stdafx.obj
e:\envi图像配准\图像处理\cvmfc\cvmfc\release\processing.obj
e:\envi图像配准\图像处理\cvmfc\cvmfc\release\mainfrm.obj
e:\envi图像配准\图像处理\cvmfc\cvmfc\release\gamadlg.obj
e:\envi图像配准\图像处理\cvmfc\cvmfc\release\dlgimgmatch.obj
e:\envi图像配准\图像处理\cvmfc\cvmfc\release\childfrm.obj
e:\envi图像配准\图像处理\cvmfc\cvmfc\release\cvmfcview.obj
e:\envi图像配准\图像处理\cvmfc\cvmfc\release\cvmfcdoc.obj
e:\envi图像配准\图像处理\cvmfc\cvmfc\release\cvmfc.obj
e:\envi图像配准\图像处理\cvmfc\cvmfc\release\cvdscap.obj
e:\envi图像配准\图像处理\cvmfc\cvmfc\release\cvmfc.exe
e:\envi图像配准\图像处理\cvmfc\cvmfc\release\cvmfc.pdb
e:\envi图像配准\图像处理\cvmfc\cvmfc\release\cvmfc.res
e:\envi图像配准\opencv_-picture-processing-\cvmfc\cvmfc\release\childfrm.obj
e:\envi图像配准\opencv_-picture-processing-\cvmfc\cvmfc\release\cvdscap.obj
e:\envi图像配准\opencv_-picture-processing-\cvmfc\cvmfc\release\cvmfc.obj
e:\envi图像配准\opencv_-picture-processing-\cvmfc\cvmfc\release\cvmfcdoc.obj
e:\envi图像配准\opencv_-picture-processing-\cvmfc\cvmfc\release\cvmfcview.obj
e:\envi图像配准\opencv_-picture-processing-\cvmfc\cvmfc\release\dlgimgmatch.obj
e:\envi图像配准\opencv_-picture-processing-\cvmfc\cvmfc\release\gamadlg.obj
e:\envi图像配准\opencv_-picture-processing-\cvmfc\cvmfc\release\mainfrm.obj
e:\envi图像配准\opencv_-picture-processing-\cvmfc\cvmfc\release\processing.obj
e:\envi图像配准\opencv_-picture-processing-\cvmfc\cvmfc\release\stdafx.obj
e:\envi图像配准\opencv_-picture-processing-\cvmfc\cvmfc\release\cvmfc.res
e:\envi图像配准\opencv_-picture-processing-\cvmfc\cvmfc\release\cvmfc.pch
e:\envi图像配准\opencv_-picture-processing-\cvmfc\cvmfc\release\cvmfc.pdb
e:\envi图像配准\opencv_-picture-processing-\cvmfc\cvmfc\release\vc141.pdb
e:\envi图像配准\opencv_-picture-processing-\cvmfc\cvmfc\.\release\cvmfc.exe
e:\envi图像配准\opencv_-picture-processing-\cvmfc\cvmfc\release\cvmfc.tlog\cl.command.1.tlog
e:\envi图像配准\opencv_-picture-processing-\cvmfc\cvmfc\release\cvmfc.tlog\cl.read.1.tlog
e:\envi图像配准\opencv_-picture-processing-\cvmfc\cvmfc\release\cvmfc.tlog\cl.write.1.tlog
e:\envi图像配准\opencv_-picture-processing-\cvmfc\cvmfc\release\cvmfc.tlog\link.command.1.tlog
e:\envi图像配准\opencv_-picture-processing-\cvmfc\cvmfc\release\cvmfc.tlog\link.read.1.tlog
e:\envi图像配准\opencv_-picture-processing-\cvmfc\cvmfc\release\cvmfc.tlog\link.write.1.tlog
e:\envi图像配准\opencv_-picture-processing-\cvmfc\cvmfc\release\cvmfc.tlog\rc.command.1.tlog
e:\envi图像配准\opencv_-picture-processing-\cvmfc\cvmfc\release\cvmfc.tlog\rc.read.1.tlog
e:\envi图像配准\opencv_-picture-processing-\cvmfc\cvmfc\release\cvmfc.tlog\rc.write.1.tlog
