e:\envi图像配准\图像处理\cvmfc\cvmfc\debug\cvmfc.pch
e:\envi图像配准\图像处理\cvmfc\cvmfc\debug\vc141.pdb
e:\envi图像配准\图像处理\cvmfc\cvmfc\debug\vc141.idb
e:\envi图像配准\图像处理\cvmfc\cvmfc\debug\stdafx.obj
e:\envi图像配准\图像处理\cvmfc\cvmfc\debug\childfrm.obj
e:\envi图像配准\图像处理\cvmfc\cvmfc\debug\cvdscap.obj
e:\envi图像配准\图像处理\cvmfc\cvmfc\debug\cvmfc.obj
e:\envi图像配准\图像处理\cvmfc\cvmfc\debug\cvmfcdoc.obj
e:\envi图像配准\图像处理\cvmfc\cvmfc\debug\cvmfcview.obj
e:\envi图像配准\图像处理\cvmfc\cvmfc\debug\dlgimgmatch.obj
e:\envi图像配准\图像处理\cvmfc\cvmfc\debug\gamadlg.obj
e:\envi图像配准\图像处理\cvmfc\cvmfc\debug\mainfrm.obj
e:\envi图像配准\图像处理\cvmfc\cvmfc\debug\processing.obj
e:\envi图像配准\图像处理\cvmfc\cvmfc\debug\cvmfc.exe
e:\envi图像配准\图像处理\cvmfc\cvmfc\debug\cvmfc.ilk
e:\envi图像配准\图像处理\cvmfc\cvmfc\debug\cvmfc.pdb
e:\envi图像配准\图像处理\cvmfc\cvmfc\debug\cvmfc.res
e:\envi图像配准\图像处理\cvmfc\cvmfc\.\debug\cvmfc.exe
e:\envi图像配准\图像处理\cvmfc\cvmfc\debug\cvmfc.tlog\cl.command.1.tlog
e:\envi图像配准\图像处理\cvmfc\cvmfc\debug\cvmfc.tlog\cl.read.1.tlog
e:\envi图像配准\图像处理\cvmfc\cvmfc\debug\cvmfc.tlog\cl.write.1.tlog
e:\envi图像配准\图像处理\cvmfc\cvmfc\debug\cvmfc.tlog\link.command.1.tlog
e:\envi图像配准\图像处理\cvmfc\cvmfc\debug\cvmfc.tlog\link.read.1.tlog
e:\envi图像配准\图像处理\cvmfc\cvmfc\debug\cvmfc.tlog\link.write.1.tlog
e:\envi图像配准\图像处理\cvmfc\cvmfc\debug\cvmfc.tlog\rc.command.1.tlog
e:\envi图像配准\图像处理\cvmfc\cvmfc\debug\cvmfc.tlog\rc.read.1.tlog
e:\envi图像配准\图像处理\cvmfc\cvmfc\debug\cvmfc.tlog\rc.write.1.tlog
